<?xml version="1.0" encoding="UTF-8"?>
<coverage generated="1775489157663" clover="3.2.0">
  <project timestamp="1775489157663" name="All files">
    <metrics statements="60" coveredstatements="45" conditionals="41" coveredconditionals="22" methods="23" coveredmethods="18" elements="124" coveredelements="85" complexity="0" loc="60" ncloc="60" packages="1" files="2" classes="2"/>
    <file name="App.css" path="D:\react-app\grade-calc\src\App.css">
      <metrics statements="0" coveredstatements="0" conditionals="0" coveredconditionals="0" methods="0" coveredmethods="0"/>
    </file>
    <file name="App.jsx" path="D:\react-app\grade-calc\src\App.jsx">
      <metrics statements="60" coveredstatements="45" conditionals="41" coveredconditionals="22" methods="23" coveredmethods="18"/>
      <line num="6" count="18" type="stmt"/>
      <line num="7" count="5" type="stmt"/>
      <line num="8" count="5" type="cond" truecount="1" falsecount="1"/>
      <line num="10" count="5" type="stmt"/>
      <line num="14" count="18" type="stmt"/>
      <line num="15" count="5" type="cond" truecount="2" falsecount="0"/>
      <line num="19" count="18" type="stmt"/>
      <line num="20" count="18" type="stmt"/>
      <line num="21" count="18" type="stmt"/>
      <line num="24" count="18" type="stmt"/>
      <line num="25" count="9" type="stmt"/>
      <line num="26" count="9" type="stmt"/>
      <line num="30" count="18" type="cond" truecount="1" falsecount="1"/>
      <line num="31" count="18" type="stmt"/>
      <line num="34" count="18" type="stmt"/>
      <line num="37" count="18" type="stmt"/>
      <line num="38" count="18" type="cond" truecount="2" falsecount="0"/>
      <line num="39" count="3" type="stmt"/>
      <line num="40" count="3" type="stmt"/>
      <line num="44" count="18" type="cond" truecount="2" falsecount="0"/>
      <line num="47" count="18" type="stmt"/>
      <line num="48" count="4" type="stmt"/>
      <line num="49" count="4" type="cond" truecount="1" falsecount="1"/>
      <line num="54" count="18" type="stmt"/>
      <line num="55" count="4" type="stmt"/>
      <line num="56" count="4" type="stmt"/>
      <line num="57" count="4" type="stmt"/>
      <line num="60" count="4" type="cond" truecount="5" falsecount="0"/>
      <line num="61" count="3" type="cond" truecount="3" falsecount="1"/>
      <line num="62" count="3" type="cond" truecount="1" falsecount="1"/>
      <line num="63" count="3" type="cond" truecount="1" falsecount="1"/>
      <line num="65" count="3" type="stmt"/>
      <line num="66" count="3" type="stmt"/>
      <line num="69" count="3" type="stmt"/>
      <line num="72" count="18" type="stmt"/>
      <line num="73" count="1" type="stmt"/>
      <line num="76" count="18" type="stmt"/>
      <line num="77" count="0" type="stmt"/>
      <line num="78" count="0" type="cond" truecount="0" falsecount="2"/>
      <line num="79" count="0" type="stmt"/>
      <line num="80" count="0" type="stmt"/>
      <line num="81" count="0" type="stmt"/>
      <line num="84" count="18" type="stmt"/>
      <line num="85" count="0" type="cond" truecount="0" falsecount="2"/>
      <line num="86" count="0" type="cond" truecount="0" falsecount="2"/>
      <line num="87" count="0" type="stmt"/>
      <line num="88" count="0" type="stmt"/>
      <line num="89" count="0" type="stmt"/>
      <line num="93" count="18" type="stmt"/>
      <line num="102" count="0" type="stmt"/>
      <line num="106" count="18" type="stmt"/>
      <line num="118" count="3" type="stmt"/>
      <line num="119" count="3" type="stmt"/>
      <line num="120" count="3" type="stmt"/>
      <line num="131" count="0" type="cond" truecount="0" falsecount="2"/>
      <line num="132" count="0" type="cond" truecount="0" falsecount="2"/>
      <line num="133" count="0" type="cond" truecount="0" falsecount="2"/>
      <line num="134" count="0" type="stmt"/>
      <line num="159" count="3" type="stmt"/>
      <line num="164" count="1" type="stmt"/>
    </file>
  </project>
</coverage>
