{"D:\\react-app\\grade-calc\\src\\App.css": {"path":"D:\\react-app\\grade-calc\\src\\App.css","statementMap":{},"fnMap":{},"branchMap":{},"s":{},"f":{},"b":{},"meta":{"lastBranch":0,"lastFunction":0,"lastStatement":0,"seen":{}}}
,"D:\\react-app\\grade-calc\\src\\App.jsx": {"path":"D:\\react-app\\grade-calc\\src\\App.jsx","statementMap":{"0":{"start":{"line":6,"column":19},"end":{"line":11,"column":null}},"1":{"start":{"line":7,"column":18},"end":{"line":7,"column":60}},"2":{"start":{"line":8,"column":4},"end":{"line":8,"column":null}},"3":{"start":{"line":8,"column":15},"end":{"line":8,"column":null}},"4":{"start":{"line":10,"column":4},"end":{"line":10,"column":null}},"5":{"start":{"line":14,"column":26},"end":{"line":16,"column":null}},"6":{"start":{"line":15,"column":4},"end":{"line":15,"column":null}},"7":{"start":{"line":19,"column":15},"end":{"line":19,"column":38}},"8":{"start":{"line":20,"column":16},"end":{"line":20,"column":40}},"9":{"start":{"line":21,"column":18},"end":{"line":21,"column":44}},"10":{"start":{"line":24,"column":2},"end":{"line":27,"column":null}},"11":{"start":{"line":25,"column":4},"end":{"line":25,"column":null}},"12":{"start":{"line":26,"column":4},"end":{"line":26,"column":null}},"13":{"start":{"line":30,"column":24},"end":{"line":30,"column":null}},"14":{"start":{"line":30,"column":43},"end":{"line":30,"column":68}},"15":{"start":{"line":31,"column":19},"end":{"line":31,"column":null}},"16":{"start":{"line":34,"column":23},"end":{"line":34,"column":74}},"17":{"start":{"line":34,"column":53},"end":{"line":34,"column":72}},"18":{"start":{"line":37,"column":20},"end":{"line":37,"column":null}},"19":{"start":{"line":38,"column":2},"end":{"line":40,"column":null}},"20":{"start":{"line":39,"column":24},"end":{"line":39,"column":89}},"21":{"start":{"line":39,"column":54},"end":{"line":39,"column":87}},"22":{"start":{"line":40,"column":4},"end":{"line":40,"column":null}},"23":{"start":{"line":44,"column":28},"end":{"line":44,"column":null}},"24":{"start":{"line":47,"column":8},"end":{"line":50,"column":null}},"25":{"start":{"line":48,"column":4},"end":{"line":50,"column":null}},"26":{"start":{"line":49,"column":6},"end":{"line":49,"column":null}},"27":{"start":{"line":54,"column":8},"end":{"line":69,"column":null}},"28":{"start":{"line":55,"column":4},"end":{"line":55,"column":null}},"29":{"start":{"line":56,"column":14},"end":{"line":56,"column":31}},"30":{"start":{"line":57,"column":14},"end":{"line":57,"column":33}},"31":{"start":{"line":60,"column":4},"end":{"line":60,"column":null}},"32":{"start":{"line":60,"column":39},"end":{"line":60,"column":null}},"33":{"start":{"line":61,"column":4},"end":{"line":61,"column":null}},"34":{"start":{"line":61,"column":26},"end":{"line":61,"column":null}},"35":{"start":{"line":62,"column":4},"end":{"line":62,"column":null}},"36":{"start":{"line":62,"column":16},"end":{"line":62,"column":null}},"37":{"start":{"line":63,"column":4},"end":{"line":63,"column":null}},"38":{"start":{"line":63,"column":31},"end":{"line":63,"column":null}},"39":{"start":{"line":65,"column":23},"end":{"line":65,"column":null}},"40":{"start":{"line":66,"column":4},"end":{"line":66,"column":null}},"41":{"start":{"line":69,"column":4},"end":{"line":69,"column":17}},"42":{"start":{"line":69,"column":17},"end":{"line":69,"column":31}},"43":{"start":{"line":69,"column":31},"end":{"line":69,"column":null}},"44":{"start":{"line":72,"column":8},"end":{"line":73,"column":null}},"45":{"start":{"line":73,"column":4},"end":{"line":73,"column":null}},"46":{"start":{"line":73,"column":59},"end":{"line":73,"column":73}},"47":{"start":{"line":76,"column":8},"end":{"line":81,"column":null}},"48":{"start":{"line":77,"column":24},"end":{"line":77,"column":95}},"49":{"start":{"line":78,"column":4},"end":{"line":78,"column":null}},"50":{"start":{"line":78,"column":22},"end":{"line":78,"column":null}},"51":{"start":{"line":79,"column":23},"end":{"line":79,"column":null}},"52":{"start":{"line":80,"column":4},"end":{"line":80,"column":null}},"53":{"start":{"line":81,"column":4},"end":{"line":81,"column":null}},"54":{"start":{"line":84,"column":8},"end":{"line":89,"column":null}},"55":{"start":{"line":85,"column":4},"end":{"line":85,"column":null}},"56":{"start":{"line":85,"column":31},"end":{"line":85,"column":null}},"57":{"start":{"line":86,"column":4},"end":{"line":89,"column":null}},"58":{"start":{"line":87,"column":26},"end":{"line":87,"column":72}},"59":{"start":{"line":87,"column":47},"end":{"line":87,"column":72}},"60":{"start":{"line":88,"column":6},"end":{"line":88,"column":null}},"61":{"start":{"line":89,"column":6},"end":{"line":89,"column":null}},"62":{"start":{"line":93,"column":2},"end":{"line":169,"column":null}},"63":{"start":{"line":102,"column":29},"end":{"line":102,"column":63}},"64":{"start":{"line":106,"column":14},"end":{"line":106,"column":null}},"65":{"start":{"line":118,"column":86},"end":{"line":118,"column":113}},"66":{"start":{"line":119,"column":92},"end":{"line":119,"column":120}},"67":{"start":{"line":120,"column":84},"end":{"line":120,"column":114}},"68":{"start":{"line":131,"column":22},"end":{"line":131,"column":null}},"69":{"start":{"line":132,"column":12},"end":{"line":132,"column":null}},"70":{"start":{"line":132,"column":27},"end":{"line":132,"column":null}},"71":{"start":{"line":133,"column":12},"end":{"line":133,"column":null}},"72":{"start":{"line":133,"column":25},"end":{"line":133,"column":null}},"73":{"start":{"line":134,"column":12},"end":{"line":134,"column":null}},"74":{"start":{"line":159,"column":10},"end":{"line":165,"column":null}},"75":{"start":{"line":164,"column":35},"end":{"line":164,"column":62}}},"fnMap":{"0":{"name":"App","decl":{"start":{"line":4,"column":9},"end":{"line":4,"column":15}},"loc":{"start":{"line":4,"column":15},"end":{"line":169,"column":null}},"line":4},"1":{"name":"(anonymous_1)","decl":{"start":{"line":6,"column":34},"end":{"line":6,"column":49}},"loc":{"start":{"line":6,"column":49},"end":{"line":11,"column":null}},"line":6},"2":{"name":"(anonymous_2)","decl":{"start":{"line":14,"column":48},"end":{"line":14,"column":63}},"loc":{"start":{"line":14,"column":63},"end":{"line":16,"column":null}},"line":14},"3":{"name":"(anonymous_3)","decl":{"start":{"line":24,"column":2},"end":{"line":24,"column":18}},"loc":{"start":{"line":24,"column":18},"end":{"line":27,"column":6}},"line":24},"4":{"name":"(anonymous_4)","decl":{"start":{"line":30,"column":33},"end":{"line":30,"column":38}},"loc":{"start":{"line":30,"column":43},"end":{"line":30,"column":68}},"line":30},"5":{"name":"(anonymous_5)","decl":{"start":{"line":34,"column":32},"end":{"line":34,"column":40}},"loc":{"start":{"line":34,"column":53},"end":{"line":34,"column":72}},"line":34},"6":{"name":"(anonymous_6)","decl":{"start":{"line":39,"column":33},"end":{"line":39,"column":41}},"loc":{"start":{"line":39,"column":54},"end":{"line":39,"column":87}},"line":39},"7":{"name":"(anonymous_7)","decl":{"start":{"line":47,"column":8},"end":{"line":47,"column":31}},"loc":{"start":{"line":47,"column":43},"end":{"line":50,"column":null}},"line":47},"8":{"name":"(anonymous_8)","decl":{"start":{"line":48,"column":25},"end":{"line":48,"column":29}},"loc":{"start":{"line":49,"column":6},"end":{"line":49,"column":null}},"line":49},"9":{"name":"(anonymous_9)","decl":{"start":{"line":54,"column":8},"end":{"line":54,"column":28}},"loc":{"start":{"line":54,"column":34},"end":{"line":69,"column":null}},"line":54},"10":{"name":"(anonymous_10)","decl":{"start":{"line":72,"column":8},"end":{"line":72,"column":31}},"loc":{"start":{"line":72,"column":38},"end":{"line":73,"column":null}},"line":72},"11":{"name":"(anonymous_11)","decl":{"start":{"line":73,"column":45},"end":{"line":73,"column":52}},"loc":{"start":{"line":73,"column":59},"end":{"line":73,"column":73}},"line":73},"12":{"name":"(anonymous_12)","decl":{"start":{"line":76,"column":8},"end":{"line":76,"column":33}},"loc":{"start":{"line":76,"column":33},"end":{"line":81,"column":null}},"line":76},"13":{"name":"(anonymous_13)","decl":{"start":{"line":84,"column":8},"end":{"line":84,"column":36}},"loc":{"start":{"line":84,"column":36},"end":{"line":89,"column":null}},"line":84},"14":{"name":"(anonymous_14)","decl":{"start":{"line":87,"column":35},"end":{"line":87,"column":42}},"loc":{"start":{"line":87,"column":47},"end":{"line":87,"column":72}},"line":87},"15":{"name":"(anonymous_15)","decl":{"start":{"line":102,"column":12},"end":{"line":102,"column":23}},"loc":{"start":{"line":102,"column":29},"end":{"line":102,"column":63}},"line":102},"16":{"name":"(anonymous_16)","decl":{"start":{"line":105,"column":22},"end":{"line":105,"column":26}},"loc":{"start":{"line":106,"column":14},"end":{"line":106,"column":null}},"line":106},"17":{"name":"(anonymous_17)","decl":{"start":{"line":118,"column":69},"end":{"line":118,"column":80}},"loc":{"start":{"line":118,"column":86},"end":{"line":118,"column":113}},"line":118},"18":{"name":"(anonymous_18)","decl":{"start":{"line":119,"column":75},"end":{"line":119,"column":86}},"loc":{"start":{"line":119,"column":92},"end":{"line":119,"column":120}},"line":119},"19":{"name":"(anonymous_19)","decl":{"start":{"line":120,"column":67},"end":{"line":120,"column":78}},"loc":{"start":{"line":120,"column":84},"end":{"line":120,"column":114}},"line":120},"20":{"name":"(anonymous_20)","decl":{"start":{"line":130,"column":10},"end":{"line":130,"column":21}},"loc":{"start":{"line":130,"column":27},"end":{"line":134,"column":null}},"line":130},"21":{"name":"(anonymous_21)","decl":{"start":{"line":158,"column":18},"end":{"line":158,"column":22}},"loc":{"start":{"line":159,"column":10},"end":{"line":165,"column":null}},"line":159},"22":{"name":"(anonymous_22)","decl":{"start":{"line":164,"column":20},"end":{"line":164,"column":35}},"loc":{"start":{"line":164,"column":35},"end":{"line":164,"column":62}},"line":164}},"branchMap":{"0":{"loc":{"start":{"line":8,"column":4},"end":{"line":8,"column":null}},"type":"if","locations":[{"start":{"line":8,"column":4},"end":{"line":8,"column":null}},{"start":{},"end":{}}],"line":8},"1":{"loc":{"start":{"line":15,"column":11},"end":{"line":15,"column":null}},"type":"binary-expr","locations":[{"start":{"line":15,"column":11},"end":{"line":15,"column":59}},{"start":{"line":15,"column":63},"end":{"line":15,"column":null}}],"line":15},"2":{"loc":{"start":{"line":30,"column":24},"end":{"line":30,"column":null}},"type":"binary-expr","locations":[{"start":{"line":30,"column":24},"end":{"line":30,"column":68}},{"start":{"line":30,"column":72},"end":{"line":30,"column":null}}],"line":30},"3":{"loc":{"start":{"line":38,"column":2},"end":{"line":40,"column":null}},"type":"if","locations":[{"start":{"line":38,"column":2},"end":{"line":40,"column":null}},{"start":{},"end":{}}],"line":38},"4":{"loc":{"start":{"line":44,"column":52},"end":{"line":44,"column":86}},"type":"binary-expr","locations":[{"start":{"line":44,"column":52},"end":{"line":44,"column":81}},{"start":{"line":44,"column":81},"end":{"line":44,"column":86}}],"line":44},"5":{"loc":{"start":{"line":49,"column":6},"end":{"line":49,"column":null}},"type":"cond-expr","locations":[{"start":{"line":49,"column":33},"end":{"line":49,"column":56}},{"start":{"line":49,"column":56},"end":{"line":49,"column":null}}],"line":49},"6":{"loc":{"start":{"line":60,"column":4},"end":{"line":60,"column":null}},"type":"if","locations":[{"start":{"line":60,"column":4},"end":{"line":60,"column":null}},{"start":{},"end":{}}],"line":60},"7":{"loc":{"start":{"line":60,"column":8},"end":{"line":60,"column":37}},"type":"binary-expr","locations":[{"start":{"line":60,"column":8},"end":{"line":60,"column":17}},{"start":{"line":60,"column":17},"end":{"line":60,"column":25}},{"start":{"line":60,"column":29},"end":{"line":60,"column":37}}],"line":60},"8":{"loc":{"start":{"line":61,"column":4},"end":{"line":61,"column":null}},"type":"if","locations":[{"start":{"line":61,"column":4},"end":{"line":61,"column":null}},{"start":{},"end":{}}],"line":61},"9":{"loc":{"start":{"line":61,"column":8},"end":{"line":61,"column":26}},"type":"binary-expr","locations":[{"start":{"line":61,"column":8},"end":{"line":61,"column":17}},{"start":{"line":61,"column":17},"end":{"line":61,"column":26}}],"line":61},"10":{"loc":{"start":{"line":62,"column":4},"end":{"line":62,"column":null}},"type":"if","locations":[{"start":{"line":62,"column":4},"end":{"line":62,"column":null}},{"start":{},"end":{}}],"line":62},"11":{"loc":{"start":{"line":63,"column":4},"end":{"line":63,"column":null}},"type":"if","locations":[{"start":{"line":63,"column":4},"end":{"line":63,"column":null}},{"start":{},"end":{}}],"line":63},"12":{"loc":{"start":{"line":78,"column":4},"end":{"line":78,"column":null}},"type":"if","locations":[{"start":{"line":78,"column":4},"end":{"line":78,"column":null}},{"start":{},"end":{}}],"line":78},"13":{"loc":{"start":{"line":85,"column":4},"end":{"line":85,"column":null}},"type":"if","locations":[{"start":{"line":85,"column":4},"end":{"line":85,"column":null}},{"start":{},"end":{}}],"line":85},"14":{"loc":{"start":{"line":86,"column":4},"end":{"line":89,"column":null}},"type":"if","locations":[{"start":{"line":86,"column":4},"end":{"line":89,"column":null}},{"start":{},"end":{}}],"line":86},"15":{"loc":{"start":{"line":110,"column":11},"end":{"line":111,"column":null}},"type":"binary-expr","locations":[{"start":{"line":110,"column":11},"end":{"line":110,"column":null}},{"start":{"line":111,"column":12},"end":{"line":111,"column":null}}],"line":110},"16":{"loc":{"start":{"line":131,"column":22},"end":{"line":131,"column":null}},"type":"binary-expr","locations":[{"start":{"line":131,"column":22},"end":{"line":131,"column":48}},{"start":{"line":131,"column":52},"end":{"line":131,"column":null}}],"line":131},"17":{"loc":{"start":{"line":132,"column":12},"end":{"line":132,"column":null}},"type":"if","locations":[{"start":{"line":132,"column":12},"end":{"line":132,"column":null}},{"start":{},"end":{}}],"line":132},"18":{"loc":{"start":{"line":133,"column":12},"end":{"line":133,"column":null}},"type":"if","locations":[{"start":{"line":133,"column":12},"end":{"line":133,"column":null}},{"start":{},"end":{}}],"line":133},"19":{"loc":{"start":{"line":167,"column":9},"end":{"line":167,"column":null}},"type":"binary-expr","locations":[{"start":{"line":167,"column":9},"end":{"line":167,"column":34}},{"start":{"line":167,"column":34},"end":{"line":167,"column":null}}],"line":167}},"s":{"0":18,"1":5,"2":5,"3":0,"4":5,"5":18,"6":5,"7":18,"8":18,"9":18,"10":18,"11":9,"12":9,"13":18,"14":18,"15":18,"16":18,"17":3,"18":18,"19":18,"20":3,"21":3,"22":3,"23":18,"24":18,"25":4,"26":4,"27":18,"28":4,"29":4,"30":4,"31":4,"32":1,"33":3,"34":0,"35":3,"36":3,"37":3,"38":3,"39":3,"40":3,"41":3,"42":3,"43":3,"44":18,"45":1,"46":1,"47":18,"48":0,"49":0,"50":0,"51":0,"52":0,"53":0,"54":18,"55":0,"56":0,"57":0,"58":0,"59":0,"60":0,"61":0,"62":18,"63":0,"64":18,"65":3,"66":3,"67":3,"68":0,"69":0,"70":0,"71":0,"72":0,"73":0,"74":3,"75":1},"f":{"0":18,"1":5,"2":5,"3":9,"4":18,"5":3,"6":3,"7":4,"8":4,"9":4,"10":1,"11":1,"12":0,"13":0,"14":0,"15":0,"16":18,"17":3,"18":3,"19":3,"20":0,"21":3,"22":1},"b":{"0":[0,5],"1":[5,5],"2":[18,0],"3":[3,15],"4":[18,18],"5":[4,0],"6":[1,3],"7":[4,3,3],"8":[0,3],"9":[3,3],"10":[0,3],"11":[0,3],"12":[0,0],"13":[0,0],"14":[0,0],"15":[18,0],"16":[0,0],"17":[0,0],"18":[0,0],"19":[18,15]},"meta":{"lastBranch":20,"lastFunction":23,"lastStatement":76,"seen":{"f:4:9:4:15":0,"s:6:19:11:Infinity":0,"f:6:34:6:49":1,"s:7:18:7:60":1,"b:8:4:8:Infinity:undefined:undefined:undefined:undefined":0,"s:8:4:8:Infinity":2,"s:8:15:8:Infinity":3,"s:10:4:10:Infinity":4,"s:14:26:16:Infinity":5,"f:14:48:14:63":2,"s:15:4:15:Infinity":6,"b:15:11:15:59:15:63:15:Infinity":1,"s:19:15:19:38":7,"s:20:16:20:40":8,"s:21:18:21:44":9,"s:24:2:27:Infinity":10,"f:24:2:24:18":3,"s:25:4:25:Infinity":11,"s:26:4:26:Infinity":12,"s:30:24:30:Infinity":13,"b:30:24:30:68:30:72:30:Infinity":2,"f:30:33:30:38":4,"s:30:43:30:68":14,"s:31:19:31:Infinity":15,"s:34:23:34:74":16,"f:34:32:34:40":5,"s:34:53:34:72":17,"s:37:20:37:Infinity":18,"b:38:2:40:Infinity:undefined:undefined:undefined:undefined":3,"s:38:2:40:Infinity":19,"s:39:24:39:89":20,"f:39:33:39:41":6,"s:39:54:39:87":21,"s:40:4:40:Infinity":22,"s:44:28:44:Infinity":23,"b:44:52:44:81:44:81:44:86":4,"s:47:8:50:Infinity":24,"f:47:8:47:31":7,"s:48:4:50:Infinity":25,"f:48:25:48:29":8,"s:49:6:49:Infinity":26,"b:49:33:49:56:49:56:49:Infinity":5,"s:54:8:69:Infinity":27,"f:54:8:54:28":9,"s:55:4:55:Infinity":28,"s:56:14:56:31":29,"s:57:14:57:33":30,"b:60:4:60:Infinity:undefined:undefined:undefined:undefined":6,"s:60:4:60:Infinity":31,"b:60:8:60:17:60:17:60:25:60:29:60:37":7,"s:60:39:60:Infinity":32,"b:61:4:61:Infinity:undefined:undefined:undefined:undefined":8,"s:61:4:61:Infinity":33,"b:61:8:61:17:61:17:61:26":9,"s:61:26:61:Infinity":34,"b:62:4:62:Infinity:undefined:undefined:undefined:undefined":10,"s:62:4:62:Infinity":35,"s:62:16:62:Infinity":36,"b:63:4:63:Infinity:undefined:undefined:undefined:undefined":11,"s:63:4:63:Infinity":37,"s:63:31:63:Infinity":38,"s:65:23:65:Infinity":39,"s:66:4:66:Infinity":40,"s:69:4:69:17":41,"s:69:17:69:31":42,"s:69:31:69:Infinity":43,"s:72:8:73:Infinity":44,"f:72:8:72:31":10,"s:73:4:73:Infinity":45,"f:73:45:73:52":11,"s:73:59:73:73":46,"s:76:8:81:Infinity":47,"f:76:8:76:33":12,"s:77:24:77:95":48,"b:78:4:78:Infinity:undefined:undefined:undefined:undefined":12,"s:78:4:78:Infinity":49,"s:78:22:78:Infinity":50,"s:79:23:79:Infinity":51,"s:80:4:80:Infinity":52,"s:81:4:81:Infinity":53,"s:84:8:89:Infinity":54,"f:84:8:84:36":13,"b:85:4:85:Infinity:undefined:undefined:undefined:undefined":13,"s:85:4:85:Infinity":55,"s:85:31:85:Infinity":56,"b:86:4:89:Infinity:undefined:undefined:undefined:undefined":14,"s:86:4:89:Infinity":57,"s:87:26:87:72":58,"f:87:35:87:42":14,"s:87:47:87:72":59,"s:88:6:88:Infinity":60,"s:89:6:89:Infinity":61,"s:93:2:169:Infinity":62,"f:102:12:102:23":15,"s:102:29:102:63":63,"f:105:22:105:26":16,"s:106:14:106:Infinity":64,"b:110:11:110:Infinity:111:12:111:Infinity":15,"f:118:69:118:80":17,"s:118:86:118:113":65,"f:119:75:119:86":18,"s:119:92:119:120":66,"f:120:67:120:78":19,"s:120:84:120:114":67,"f:130:10:130:21":20,"s:131:22:131:Infinity":68,"b:131:22:131:48:131:52:131:Infinity":16,"b:132:12:132:Infinity:undefined:undefined:undefined:undefined":17,"s:132:12:132:Infinity":69,"s:132:27:132:Infinity":70,"b:133:12:133:Infinity:undefined:undefined:undefined:undefined":18,"s:133:12:133:Infinity":71,"s:133:25:133:Infinity":72,"s:134:12:134:Infinity":73,"f:158:18:158:22":21,"s:159:10:165:Infinity":74,"f:164:20:164:35":22,"s:164:35:164:62":75,"b:167:9:167:34:167:34:167:Infinity":19}}}
}
